<?xml version="1.0" encoding="UTF-8"?>
<!-- Generated by org.testng.reporters.JUnitReportReporter -->
<testsuite hostname="DESKTOP-J5DL5AU" failures="0" tests="3" name="basics.Assertionsss" time="50.938" errors="0" timestamp="2024-07-03T08:47:20 IST" skipped="0">
  <testcase classname="basics.Assertionsss" name="launch" time="20.610"/>
  <system-out/>
  <testcase classname="basics.Assertionsss" name="launch" time="12.466"/>
  <system-out/>
  <testcase classname="basics.Assertionsss" name="launch" time="17.862"/>
  <system-out/>
</testsuite> <!-- basics.Assertionsss -->
