<?xml version="1.0" encoding="UTF-8"?>
<!-- Generated by org.testng.reporters.JUnitReportReporter -->
<testsuite hostname="DESKTOP-J5DL5AU" failures="0" tests="1" name="basics.Basci2" time="0.021" errors="0" timestamp="2024-07-03T08:31:13 IST" skipped="0">
  <testcase classname="basics.Basci2" name="Register" time="0.021"/>
  <system-out/>
</testsuite> <!-- basics.Basci2 -->
