<?xml version="1.0" encoding="UTF-8"?>
<!-- Generated by org.testng.reporters.JUnitReportReporter -->
<testsuite hostname="DESKTOP-J5DL5AU" failures="0" tests="4" name="basics.OrderOfExceution" time="97.711" errors="0" timestamp="2024-07-03T08:19:42 IST" skipped="1">
  <testcase classname="basics.OrderOfExceution" name="launch" time="42.761"/>
  <system-out/>
  <testcase classname="basics.OrderOfExceution" name="mycurrenturl" time="49.676"/>
  <system-out/>
  <testcase classname="basics.OrderOfExceution" name="pagetitle" time="5.274"/>
  <system-out/>
  <testcase classname="basics.OrderOfExceution" name="navigatelink">
    <skipped/>
  </testcase> <!-- navigatelink -->
  <system-out/>
</testsuite> <!-- basics.OrderOfExceution -->
