<?xml version="1.0" encoding="UTF-8"?>
<!-- Generated by org.testng.reporters.JUnitReportReporter -->
<testsuite hostname="DESKTOP-J5DL5AU" failures="0" tests="3" name="basics.Basic" time="0.094" errors="0" timestamp="2024-07-03T08:31:13 IST" skipped="0">
  <testcase classname="basics.Basic" name="a" time="0.052"/>
  <system-out/>
  <testcase classname="basics.Basic" name="b" time="0.005"/>
  <system-out/>
  <testcase classname="basics.Basic" name="c" time="0.037"/>
  <system-out/>
</testsuite> <!-- basics.Basic -->
